<?xml version="1.0" encoding="UTF-8"?>
<tns:config
	xmlns:tns="http://www.sparna.fr/index-config"
	xmlns:xsi="http://www.w3.org/2001/XMLSchema-instance"
	xsi:schemaLocation="http://www.sparna.fr/index-config solr-rdf-indexer-config.xsd ">
  <tns:entityConfig>
    <tns:source>
      <tns:type>http://www.w3.org/2004/02/skos/core#Concept</tns:type>
    </tns:source>
    <tns:fieldMap uriField="uri">
      <tns:field name="prefLabel">
        <tns:path>http://www.w3.org/2004/02/skos/core#prefLabel</tns:path>
      </tns:field>
    </tns:fieldMap>
  </tns:entityConfig>
</tns:config>